This file contains any messages produced by compilers while
running configure, to aid debugging if configure makes a mistake.

It was created by configure, which was
generated by GNU Autoconf 2.69.  Invocation command line was

  $ ./configure --disable-option-checking --prefix=/usr/local CC=mpicc F77=mpifort --cache-file=/dev/null --srcdir=.

## --------- ##
## Platform. ##
## --------- ##

hostname = dyn-128-174-22-161.csl.illinois.edu
uname -m = x86_64
uname -r = 13.4.0
uname -s = Darwin
uname -v = Darwin Kernel Version 13.4.0: Wed Mar 18 16:20:14 PDT 2015; root:xnu-2422.115.14~1/RELEASE_X86_64

/usr/bin/uname -p = i386
/bin/uname -X     = unknown

/bin/arch              = unknown
/usr/bin/arch -k       = unknown
/usr/convex/getsysinfo = unknown
/usr/bin/hostinfo      = Mach kernel version:
	 Darwin Kernel Version 13.4.0: Wed Mar 18 16:20:14 PDT 2015; root:xnu-2422.115.14~1/RELEASE_X86_64
Kernel configured for up to 8 processors.
4 processors are physically available.
8 processors are logically available.
Processor type: i486 (Intel 80486)
Processors active: 0 1 2 3 4 5 6 7
Primary memory available: 16.00 gigabytes
Default processor set: 175 tasks, 943 threads, 8 processors
Load average: 2.74, Mach factor: 5.25
/bin/machine           = unknown
/usr/bin/oslevel       = unknown
/bin/universe          = unknown

PATH: /Users/gropp/bin
PATH: /usr/bin
PATH: /bin
PATH: /usr/sbin
PATH: /sbin
PATH: /usr/local/bin
PATH: /opt/X11/bin
PATH: /Library/TeX/texbin
PATH: /usr/local/bin
PATH: /usr/X11R6/bin
PATH: /opt/local/bin
PATH: /opt/local/sbin


## ----------- ##
## Core tests. ##
## ----------- ##

configure:2437: checking for current directory name
configure:2481: result: /Users/gropp/tmp/mpe2-git/src/slog2sdk/trace_rlog
configure:2544: checking gnumake
configure:2566: result: no
configure:2573: checking BSD 4.4 make
configure:2593: result: no - whew
configure:2599: checking OSF V3 make
configure:2618: result: no
configure:2625: checking for virtual path format
configure:2640: result: VPATH
configure:2751: checking for gcc
configure:2778: result: mpicc
configure:3007: checking for C compiler version
configure:3016: mpicc --version >&5
Apple LLVM version 6.0 (clang-600.0.57) (based on LLVM 3.5svn)
Target: x86_64-apple-darwin13.4.0
Thread model: posix
configure:3027: $? = 0
configure:3016: mpicc -v >&5
mpicc for MPICH version 3.2rc1
Apple LLVM version 6.0 (clang-600.0.57) (based on LLVM 3.5svn)
Target: x86_64-apple-darwin13.4.0
Thread model: posix
clang: warning: argument unused during compilation: '-I /Users/gropp/installs/mpich2/include'
configure:3027: $? = 0
configure:3016: mpicc -V >&5
clang: error: unsupported option '-V -I/Users/gropp/installs/mpich2/include'
configure:3027: $? = 1
configure:3016: mpicc -qversion >&5
clang: error: unknown argument: '-qversion'
configure:3027: $? = 1
configure:3047: checking whether the C compiler works
configure:3069: mpicc    conftest.c  >&5
configure:3073: $? = 0
configure:3121: result: yes
configure:3124: checking for C compiler default output file name
configure:3126: result: a.out
configure:3132: checking for suffix of executables
configure:3139: mpicc -o conftest    conftest.c  >&5
configure:3143: $? = 0
configure:3165: result: 
configure:3187: checking whether we are cross compiling
configure:3195: mpicc -o conftest    conftest.c  >&5
configure:3199: $? = 0
configure:3206: ./conftest
configure:3210: $? = 0
configure:3225: result: no
configure:3230: checking for suffix of object files
configure:3252: mpicc -c   conftest.c >&5
configure:3256: $? = 0
configure:3277: result: o
configure:3281: checking whether we are using the GNU C compiler
configure:3300: mpicc -c   conftest.c >&5
configure:3300: $? = 0
configure:3309: result: yes
configure:3318: checking whether mpicc accepts -g
configure:3338: mpicc -c -g  conftest.c >&5
configure:3338: $? = 0
configure:3379: result: yes
configure:3396: checking for mpicc option to accept ISO C89
configure:3459: mpicc  -c -g -O2  conftest.c >&5
configure:3459: $? = 0
configure:3472: result: none needed
configure:3498: checking how to run the C preprocessor
configure:3529: mpicc -E  conftest.c
configure:3529: $? = 0
configure:3543: mpicc -E  conftest.c
conftest.c:9:10: fatal error: 'ac_nonexistent.h' file not found
#include <ac_nonexistent.h>
         ^
1 error generated.
configure:3543: $? = 1
configure: failed program was:
| /* confdefs.h */
| #define PACKAGE_NAME ""
| #define PACKAGE_TARNAME ""
| #define PACKAGE_VERSION ""
| #define PACKAGE_STRING ""
| #define PACKAGE_BUGREPORT ""
| #define PACKAGE_URL ""
| /* end confdefs.h.  */
| #include <ac_nonexistent.h>
configure:3568: result: mpicc -E
configure:3588: mpicc -E  conftest.c
configure:3588: $? = 0
configure:3602: mpicc -E  conftest.c
conftest.c:9:10: fatal error: 'ac_nonexistent.h' file not found
#include <ac_nonexistent.h>
         ^
1 error generated.
configure:3602: $? = 1
configure: failed program was:
| /* confdefs.h */
| #define PACKAGE_NAME ""
| #define PACKAGE_TARNAME ""
| #define PACKAGE_VERSION ""
| #define PACKAGE_STRING ""
| #define PACKAGE_BUGREPORT ""
| #define PACKAGE_URL ""
| /* end confdefs.h.  */
| #include <ac_nonexistent.h>
configure:3631: checking for grep that handles long lines and -e
configure:3689: result: /opt/local/bin/grep
configure:3694: checking for egrep
configure:3756: result: /opt/local/bin/grep -E
configure:3761: checking for ANSI C header files
configure:3781: mpicc -c -g -O2  conftest.c >&5
configure:3781: $? = 0
configure:3854: mpicc -o conftest -g -O2   conftest.c  >&5
configure:3854: $? = 0
configure:3854: ./conftest
configure:3854: $? = 0
configure:3865: result: yes
configure:3878: checking for sys/types.h
configure:3878: mpicc -c -g -O2  conftest.c >&5
configure:3878: $? = 0
configure:3878: result: yes
configure:3878: checking for sys/stat.h
configure:3878: mpicc -c -g -O2  conftest.c >&5
configure:3878: $? = 0
configure:3878: result: yes
configure:3878: checking for stdlib.h
configure:3878: mpicc -c -g -O2  conftest.c >&5
configure:3878: $? = 0
configure:3878: result: yes
configure:3878: checking for string.h
configure:3878: mpicc -c -g -O2  conftest.c >&5
configure:3878: $? = 0
configure:3878: result: yes
configure:3878: checking for memory.h
configure:3878: mpicc -c -g -O2  conftest.c >&5
configure:3878: $? = 0
configure:3878: result: yes
configure:3878: checking for strings.h
configure:3878: mpicc -c -g -O2  conftest.c >&5
configure:3878: $? = 0
configure:3878: result: yes
configure:3878: checking for inttypes.h
configure:3878: mpicc -c -g -O2  conftest.c >&5
configure:3878: $? = 0
configure:3878: result: yes
configure:3878: checking for stdint.h
configure:3878: mpicc -c -g -O2  conftest.c >&5
configure:3878: $? = 0
configure:3878: result: yes
configure:3878: checking for unistd.h
configure:3878: mpicc -c -g -O2  conftest.c >&5
configure:3878: $? = 0
configure:3878: result: yes
configure:3893: checking for stdlib.h
configure:3893: result: yes
configure:3893: checking stdio.h usability
configure:3893: mpicc -c -g -O2  conftest.c >&5
configure:3893: $? = 0
configure:3893: result: yes
configure:3893: checking stdio.h presence
configure:3893: mpicc -E  conftest.c
configure:3893: $? = 0
configure:3893: result: yes
configure:3893: checking for stdio.h
configure:3893: result: yes
configure:3893: checking for string.h
configure:3893: result: yes
configure:3893: checking ctype.h usability
configure:3893: mpicc -c -g -O2  conftest.c >&5
configure:3893: $? = 0
configure:3893: result: yes
configure:3893: checking ctype.h presence
configure:3893: mpicc -E  conftest.c
configure:3893: $? = 0
configure:3893: result: yes
configure:3893: checking for ctype.h
configure:3893: result: yes
configure:3893: checking errno.h usability
configure:3893: mpicc -c -g -O2  conftest.c >&5
configure:3893: $? = 0
configure:3893: result: yes
configure:3893: checking errno.h presence
configure:3893: mpicc -E  conftest.c
configure:3893: $? = 0
configure:3893: result: yes
configure:3893: checking for errno.h
configure:3893: result: yes
configure:3903: checking for an ANSI C-conforming const
configure:3969: mpicc -c -g -O2  conftest.c >&5
configure:3969: $? = 0
configure:3976: result: yes
configure:3988: checking size of void *
configure:3993: mpicc -o conftest -g -O2   conftest.c  >&5
configure:3993: $? = 0
configure:3993: ./conftest
configure:3993: $? = 0
configure:4007: result: 8
configure:4021: checking size of int
configure:4026: mpicc -o conftest -g -O2   conftest.c  >&5
configure:4026: $? = 0
configure:4026: ./conftest
configure:4026: $? = 0
configure:4040: result: 4
configure:4054: checking size of long
configure:4059: mpicc -o conftest -g -O2   conftest.c  >&5
configure:4059: $? = 0
configure:4059: ./conftest
configure:4059: $? = 0
configure:4073: result: 8
configure:4087: checking size of long long
configure:4092: mpicc -o conftest -g -O2   conftest.c  >&5
configure:4092: $? = 0
configure:4092: ./conftest
configure:4092: $? = 0
configure:4106: result: 8
configure:4120: checking size of __int64
configure:4125: mpicc -o conftest -g -O2   conftest.c  >&5
conftest.c:61:57: error: use of undeclared identifier '__int64'; did you mean '__int64_t'?
static long int longval () { return (long int) (sizeof (__int64)); }
                                                        ^
/usr/include/i386/_types.h:46:20: note: '__int64_t' declared here
typedef long long               __int64_t;
                                ^
conftest.c:62:67: error: use of undeclared identifier '__int64'; did you mean '__int64_t'?
static unsigned long int ulongval () { return (long int) (sizeof (__int64)); }
                                                                  ^
/usr/include/i386/_types.h:46:20: note: '__int64_t' declared here
typedef long long               __int64_t;
                                ^
conftest.c:72:28: error: use of undeclared identifier '__int64'; did you mean '__int64_t'?
  if (((long int) (sizeof (__int64))) < 0)
                           ^
/usr/include/i386/_types.h:46:20: note: '__int64_t' declared here
typedef long long               __int64_t;
                                ^
conftest.c:75:37: error: use of undeclared identifier '__int64'; did you mean '__int64_t'?
      if (i != ((long int) (sizeof (__int64))))
                                    ^
/usr/include/i386/_types.h:46:20: note: '__int64_t' declared here
typedef long long               __int64_t;
                                ^
conftest.c:82:37: error: use of undeclared identifier '__int64'; did you mean '__int64_t'?
      if (i != ((long int) (sizeof (__int64))))
                                    ^
/usr/include/i386/_types.h:46:20: note: '__int64_t' declared here
typedef long long               __int64_t;
                                ^
5 errors generated.
configure:4125: $? = 1
configure: program exited with status 1
configure: failed program was:
| /* confdefs.h */
| #define PACKAGE_NAME ""
| #define PACKAGE_TARNAME ""
| #define PACKAGE_VERSION ""
| #define PACKAGE_STRING ""
| #define PACKAGE_BUGREPORT ""
| #define PACKAGE_URL ""
| #define STDC_HEADERS 1
| #define HAVE_SYS_TYPES_H 1
| #define HAVE_SYS_STAT_H 1
| #define HAVE_STDLIB_H 1
| #define HAVE_STRING_H 1
| #define HAVE_MEMORY_H 1
| #define HAVE_STRINGS_H 1
| #define HAVE_INTTYPES_H 1
| #define HAVE_STDINT_H 1
| #define HAVE_UNISTD_H 1
| #define HAVE_STDLIB_H 1
| #define HAVE_STDIO_H 1
| #define HAVE_STRING_H 1
| #define HAVE_CTYPE_H 1
| #define HAVE_ERRNO_H 1
| #define SIZEOF_VOID_P 8
| #define SIZEOF_INT 4
| #define SIZEOF_LONG 8
| #define SIZEOF_LONG_LONG 8
| /* end confdefs.h.  */
| #include <stdio.h>
| #ifdef HAVE_SYS_TYPES_H
| # include <sys/types.h>
| #endif
| #ifdef HAVE_SYS_STAT_H
| # include <sys/stat.h>
| #endif
| #ifdef STDC_HEADERS
| # include <stdlib.h>
| # include <stddef.h>
| #else
| # ifdef HAVE_STDLIB_H
| #  include <stdlib.h>
| # endif
| #endif
| #ifdef HAVE_STRING_H
| # if !defined STDC_HEADERS && defined HAVE_MEMORY_H
| #  include <memory.h>
| # endif
| # include <string.h>
| #endif
| #ifdef HAVE_STRINGS_H
| # include <strings.h>
| #endif
| #ifdef HAVE_INTTYPES_H
| # include <inttypes.h>
| #endif
| #ifdef HAVE_STDINT_H
| # include <stdint.h>
| #endif
| #ifdef HAVE_UNISTD_H
| # include <unistd.h>
| #endif
| static long int longval () { return (long int) (sizeof (__int64)); }
| static unsigned long int ulongval () { return (long int) (sizeof (__int64)); }
| #include <stdio.h>
| #include <stdlib.h>
| int
| main ()
| {
| 
|   FILE *f = fopen ("conftest.val", "w");
|   if (! f)
|     return 1;
|   if (((long int) (sizeof (__int64))) < 0)
|     {
|       long int i = longval ();
|       if (i != ((long int) (sizeof (__int64))))
| 	return 1;
|       fprintf (f, "%ld", i);
|     }
|   else
|     {
|       unsigned long int i = ulongval ();
|       if (i != ((long int) (sizeof (__int64))))
| 	return 1;
|       fprintf (f, "%lu", i);
|     }
|   /* Do not output a trailing newline, as this causes \r\n confusion
|      on some platforms.  */
|   return ferror (f) || fclose (f) != 0;
| 
|   ;
|   return 0;
| }
configure:4139: result: 0
configure:4180: checking whether byte ordering is bigendian
configure:4195: mpicc -c -g -O2  conftest.c >&5
configure:4195: $? = 0
configure:4240: mpicc -c -g -O2  conftest.c >&5
configure:4240: $? = 0
configure:4258: mpicc -c -g -O2  conftest.c >&5
conftest.c:36:4: error: use of undeclared identifier 'not'
                 not big endian
                 ^
1 error generated.
configure:4258: $? = 1
configure: failed program was:
| /* confdefs.h */
| #define PACKAGE_NAME ""
| #define PACKAGE_TARNAME ""
| #define PACKAGE_VERSION ""
| #define PACKAGE_STRING ""
| #define PACKAGE_BUGREPORT ""
| #define PACKAGE_URL ""
| #define STDC_HEADERS 1
| #define HAVE_SYS_TYPES_H 1
| #define HAVE_SYS_STAT_H 1
| #define HAVE_STDLIB_H 1
| #define HAVE_STRING_H 1
| #define HAVE_MEMORY_H 1
| #define HAVE_STRINGS_H 1
| #define HAVE_INTTYPES_H 1
| #define HAVE_STDINT_H 1
| #define HAVE_UNISTD_H 1
| #define HAVE_STDLIB_H 1
| #define HAVE_STDIO_H 1
| #define HAVE_STRING_H 1
| #define HAVE_CTYPE_H 1
| #define HAVE_ERRNO_H 1
| #define SIZEOF_VOID_P 8
| #define SIZEOF_INT 4
| #define SIZEOF_LONG 8
| #define SIZEOF_LONG_LONG 8
| #define SIZEOF___INT64 0
| /* end confdefs.h.  */
| #include <sys/types.h>
| 		#include <sys/param.h>
| 
| int
| main ()
| {
| #if BYTE_ORDER != BIG_ENDIAN
| 		 not big endian
| 		#endif
| 
|   ;
|   return 0;
| }
configure:4386: result: no
configure:4411: checking build system type
configure:4425: result: x86_64-apple-darwin13.4.0
configure:4445: checking host system type
configure:4458: result: x86_64-apple-darwin13.4.0
configure:4841: checking for sed
configure:4857: found /Users/gropp/bin/sed
configure:4869: result: sed
configure:4923: checking how to print strings
configure:4950: result: printf
configure:4971: checking for a sed that does not truncate output
configure:5035: result: sed
configure:5053: checking for fgrep
configure:5115: result: /opt/local/bin/grep -F
configure:5150: checking for ld used by mpicc
configure:5217: result: /Applications/Xcode.app/Contents/Developer/Toolchains/XcodeDefault.xctoolchain/usr/bin/ld
configure:5224: checking if the linker (/Applications/Xcode.app/Contents/Developer/Toolchains/XcodeDefault.xctoolchain/usr/bin/ld) is GNU ld
configure:5239: result: no
configure:5251: checking for BSD- or MS-compatible name lister (nm)
configure:5300: result: /usr/bin/nm
configure:5430: checking the name lister (/usr/bin/nm) interface
configure:5437: mpicc -c -g -O2  conftest.c >&5
configure:5440: /usr/bin/nm "conftest.o"
configure:5443: output
0000000000000230 S _some_variable
configure:5450: result: BSD nm
configure:5453: checking whether ln -s works
configure:5457: result: yes
configure:5465: checking the maximum length of command line arguments
configure:5595: result: 196608
configure:5612: checking whether the shell understands some XSI constructs
configure:5622: result: yes
configure:5626: checking whether the shell understands "+="
configure:5632: result: yes
configure:5667: checking how to convert x86_64-apple-darwin13.4.0 file names to x86_64-apple-darwin13.4.0 format
configure:5707: result: func_convert_file_noop
configure:5714: checking how to convert x86_64-apple-darwin13.4.0 file names to toolchain format
configure:5734: result: func_convert_file_noop
configure:5741: checking for /Applications/Xcode.app/Contents/Developer/Toolchains/XcodeDefault.xctoolchain/usr/bin/ld option to reload object files
configure:5748: result: -r
configure:5822: checking for objdump
configure:5849: result: objdump
configure:5878: checking how to recognize dependent libraries
configure:6080: result: pass_all
configure:6165: checking for dlltool
configure:6192: result: dlltool
configure:6222: checking how to associate runtime and link libraries
configure:6249: result: printf %s\n
configure:6309: checking for ar
configure:6325: found /usr/bin/ar
configure:6336: result: ar
configure:6373: checking for archiver @FILE support
configure:6390: mpicc -c -g -O2  conftest.c >&5
configure:6390: $? = 0
configure:6393: ar cru libconftest.a @conftest.lst >&5
ar: @conftest.lst: No such file or directory
configure:6396: $? = 1
configure:6416: result: no
configure:6474: checking for strip
configure:6490: found /usr/bin/strip
configure:6501: result: strip
configure:6573: checking for ranlib
configure:6589: found /usr/bin/ranlib
configure:6600: result: ranlib
configure:6677: checking for gawk
configure:6693: found /opt/local/bin/gawk
configure:6704: result: gawk
configure:6744: checking command to parse /usr/bin/nm output from mpicc object
configure:6864: mpicc -c -g -O2  conftest.c >&5
configure:6867: $? = 0
configure:6871: /usr/bin/nm conftest.o \| sed -n -e 's/^.*[ ]\([BCDEGRST][BCDEGRST]*\)[ ][ ]*\([_A-Za-z][_A-Za-z0-9]*\)$/\1 \2 \2/p' | sed '/ __gnu_lto/d' \> conftest.nm
configure:6874: $? = 0
cannot find nm_test_var in conftest.nm
configure:6864: mpicc -c -g -O2  conftest.c >&5
configure:6867: $? = 0
configure:6871: /usr/bin/nm conftest.o \| sed -n -e 's/^.*[ ]\([BCDEGRST][BCDEGRST]*\)[ ][ ]*_\([_A-Za-z][_A-Za-z0-9]*\)$/\1 _\2 \2/p' | sed '/ __gnu_lto/d' \> conftest.nm
configure:6874: $? = 0
configure:6940: mpicc -o conftest -g -O2   conftest.c conftstm.o >&5
configure:6943: $? = 0
configure:6981: result: ok
configure:7018: checking for sysroot
configure:7048: result: no
configure:7304: checking for mt
configure:7334: result: no
configure:7354: checking if : is a manifest tool
configure:7360: : '-?'
configure:7368: result: no
configure:7424: checking for dsymutil
configure:7440: found /usr/bin/dsymutil
configure:7451: result: dsymutil
configure:7516: checking for nmedit
configure:7532: found /usr/bin/nmedit
configure:7543: result: nmedit
configure:7608: checking for lipo
configure:7624: found /usr/bin/lipo
configure:7635: result: lipo
configure:7700: checking for otool
configure:7716: found /usr/bin/otool
configure:7727: result: otool
configure:7792: checking for otool64
configure:7822: result: no
configure:7867: checking for -single_module linker flag
mpicc -g -O2  -o libconftest.dylib -dynamiclib -Wl,-single_module conftest.c
configure:7900: result: yes
configure:7903: checking for -exported_symbols_list linker flag
configure:7923: mpicc -o conftest -g -O2   -Wl,-exported_symbols_list,conftest.sym conftest.c  >&5
configure:7923: $? = 0
configure:7933: result: yes
configure:7936: checking for -force_load linker flag
mpicc -g -O2 -c -o conftest.o conftest.c
ar cru libconftest.a conftest.o
ranlib libconftest.a
mpicc -g -O2  -o conftest conftest.c -Wl,-force_load,./libconftest.a
configure:7968: result: yes
configure:8007: checking for dlfcn.h
configure:8007: mpicc -c -g -O2  conftest.c >&5
configure:8007: $? = 0
configure:8007: result: yes
configure:8181: checking for objdir
configure:8196: result: .libs
configure:8467: checking if mpicc supports -fno-rtti -fno-exceptions
configure:8485: mpicc -c -g -O2  -fno-rtti -fno-exceptions conftest.c >&5
configure:8489: $? = 0
configure:8502: result: yes
configure:8829: checking for mpicc option to produce PIC
configure:8836: result: -fno-common -DPIC
configure:8844: checking if mpicc PIC flag -fno-common -DPIC works
configure:8862: mpicc -c -g -O2  -fno-common -DPIC -DPIC conftest.c >&5
configure:8866: $? = 0
configure:8879: result: yes
configure:8908: checking if mpicc static flag -static works
configure:8936: result: no
configure:8951: checking if mpicc supports -c -o file.o
configure:8972: mpicc -c -g -O2  -o out/conftest2.o conftest.c >&5
configure:8976: $? = 0
configure:8998: result: yes
configure:9006: checking if mpicc supports -c -o file.o
configure:9053: result: yes
configure:9086: checking whether the mpicc linker (/Applications/Xcode.app/Contents/Developer/Toolchains/XcodeDefault.xctoolchain/usr/bin/ld) supports shared libraries
configure:10239: result: yes
configure:10479: checking dynamic linker characteristics
configure:11212: result: darwin13.4.0 dyld
configure:11319: checking how to hardcode library paths into programs
configure:11344: result: immediate
configure:11884: checking whether stripping libraries is possible
configure:11898: result: yes
configure:11924: checking if libtool supports shared libraries
configure:11926: result: yes
configure:11929: checking whether to build shared libraries
configure:11950: result: yes
configure:11953: checking whether to build static libraries
configure:11957: result: no
configure:11996: checking for malloc in -lefence
configure:12021: mpicc -o conftest -g -O2   conftest.c -lefence   >&5
conftest.c:38:6: warning: incompatible redeclaration of library function 'malloc' [-Wincompatible-library-redeclaration]
char malloc ();
     ^
conftest.c:38:6: note: 'malloc' is a builtin with type 'void *(unsigned long)'
1 warning generated.
ld: library not found for -lefence
clang: error: linker command failed with exit code 1 (use -v to see invocation)
configure:12021: $? = 1
configure: failed program was:
| /* confdefs.h */
| #define PACKAGE_NAME ""
| #define PACKAGE_TARNAME ""
| #define PACKAGE_VERSION ""
| #define PACKAGE_STRING ""
| #define PACKAGE_BUGREPORT ""
| #define PACKAGE_URL ""
| #define STDC_HEADERS 1
| #define HAVE_SYS_TYPES_H 1
| #define HAVE_SYS_STAT_H 1
| #define HAVE_STDLIB_H 1
| #define HAVE_STRING_H 1
| #define HAVE_MEMORY_H 1
| #define HAVE_STRINGS_H 1
| #define HAVE_INTTYPES_H 1
| #define HAVE_STDINT_H 1
| #define HAVE_UNISTD_H 1
| #define HAVE_STDLIB_H 1
| #define HAVE_STDIO_H 1
| #define HAVE_STRING_H 1
| #define HAVE_CTYPE_H 1
| #define HAVE_ERRNO_H 1
| #define SIZEOF_VOID_P 8
| #define SIZEOF_INT 4
| #define SIZEOF_LONG 8
| #define SIZEOF_LONG_LONG 8
| #define SIZEOF___INT64 0
| #define HAVE_DLFCN_H 1
| #define LT_OBJDIR ".libs/"
| /* end confdefs.h.  */
| 
| /* Override any GCC internal prototype to avoid an error.
|    Use char because int might match the return type of a GCC
|    builtin and then its argument prototype would still apply.  */
| #ifdef __cplusplus
| extern "C"
| #endif
| char malloc ();
| int
| main ()
| {
| return malloc ();
|   ;
|   return 0;
| }
configure:12030: result: no
configure:12039: checking for strstr
configure:12039: mpicc -o conftest -g -O2   conftest.c  >&5
conftest.c:54:6: warning: incompatible redeclaration of library function 'strstr' [-Wincompatible-library-redeclaration]
char strstr ();
     ^
conftest.c:54:6: note: 'strstr' is a builtin with type 'char *(const char *, const char *)'
1 warning generated.
configure:12039: $? = 0
configure:12039: result: yes
configure:12049: checking target system type
configure:12062: result: x86_64-apple-darwin13.4.0
configure:12304: checking for javah in user's PATH
configure:12306: result: found /usr/bin/javah
configure:12312: checking if /usr exists
configure:12315: result: yes
configure:12324: checking for <jni.h> include flag
configure:12341: result: no
configure:12521: checking for javah in known path
configure:12523: result: found /System/Library/Frameworks/JavaVM.framework/Versions/CurrentJDK/Home/bin/javah
configure:12529: checking if /System/Library/Frameworks/JavaVM.framework/Versions/CurrentJDK/Home exists
configure:12532: result: yes
configure:12541: checking for <jni.h> include flag
configure:12558: result: no
configure:12521: checking for javah in known path
configure:12523: result: found /System/Library/Frameworks/JavaVM.framework/Versions/1.6/Home/bin/javah
configure:12529: checking if /System/Library/Frameworks/JavaVM.framework/Versions/1.6/Home exists
configure:12532: result: yes
configure:12541: checking for <jni.h> include flag
configure:12558: result: no
configure:12521: checking for javah in known path
configure:12523: result: found /System/Library/Frameworks/JavaVM.framework/Versions/1.6.0/Home/bin/javah
configure:12529: checking if /System/Library/Frameworks/JavaVM.framework/Versions/1.6.0/Home exists
configure:12532: result: yes
configure:12541: checking for <jni.h> include flag
configure:12558: result: no
configure:12521: checking for javah in known path
configure:12523: result: found /System/Library/Frameworks/JavaVM.framework/Versions/1.5/Home/bin/javah
configure:12529: checking if /System/Library/Frameworks/JavaVM.framework/Versions/1.5/Home exists
configure:12532: result: yes
configure:12541: checking for <jni.h> include flag
configure:12558: result: no
configure:12521: checking for javah in known path
configure:12523: result: found /System/Library/Frameworks/JavaVM.framework/Versions/1.5.0/Home/bin/javah
configure:12529: checking if /System/Library/Frameworks/JavaVM.framework/Versions/1.5.0/Home exists
configure:12532: result: yes
configure:12541: checking for <jni.h> include flag
configure:12558: result: no
configure:12521: checking for javah in known path
configure:12523: result: found /System/Library/Frameworks/JavaVM.framework/Versions/1.4/Home/bin/javah
configure:12529: checking if /System/Library/Frameworks/JavaVM.framework/Versions/1.4/Home exists
configure:12532: result: yes
configure:12541: checking for <jni.h> include flag
configure:12558: result: no
configure:12521: checking for javah in known path
configure:12523: result: found /System/Library/Frameworks/JavaVM.framework/Versions/1.4.2/Home/bin/javah
configure:12529: checking if /System/Library/Frameworks/JavaVM.framework/Versions/1.4.2/Home exists
configure:12532: result: yes
configure:12541: checking for <jni.h> include flag
configure:12558: result: no
configure:12521: checking for javah in known path
configure:12523: result: found /usr/bin/javah
configure:12529: checking if /usr exists
configure:12532: result: yes
configure:12541: checking for <jni.h> include flag
configure:12558: result: no
configure:12633: WARNING:  Invalid JNI include dir, exit! 

## ---------------- ##
## Cache variables. ##
## ---------------- ##

ac_cv_build=x86_64-apple-darwin13.4.0
ac_cv_c_bigendian=no
ac_cv_c_compiler_gnu=yes
ac_cv_c_const=yes
ac_cv_env_CC_set=set
ac_cv_env_CC_value=mpicc
ac_cv_env_CFLAGS_set=
ac_cv_env_CFLAGS_value=
ac_cv_env_CPPFLAGS_set=
ac_cv_env_CPPFLAGS_value=
ac_cv_env_CPP_set=
ac_cv_env_CPP_value=
ac_cv_env_LDFLAGS_set=
ac_cv_env_LDFLAGS_value=
ac_cv_env_LIBS_set=
ac_cv_env_LIBS_value=
ac_cv_env_TRACE_CC_set=
ac_cv_env_TRACE_CC_value=
ac_cv_env_TRACE_CFLAGS_set=
ac_cv_env_TRACE_CFLAGS_value=
ac_cv_env_build_alias_set=
ac_cv_env_build_alias_value=
ac_cv_env_host_alias_set=
ac_cv_env_host_alias_value=
ac_cv_env_target_alias_set=
ac_cv_env_target_alias_value=
ac_cv_func_strstr=yes
ac_cv_header_ctype_h=yes
ac_cv_header_dlfcn_h=yes
ac_cv_header_errno_h=yes
ac_cv_header_inttypes_h=yes
ac_cv_header_memory_h=yes
ac_cv_header_stdc=yes
ac_cv_header_stdint_h=yes
ac_cv_header_stdio_h=yes
ac_cv_header_stdlib_h=yes
ac_cv_header_string_h=yes
ac_cv_header_strings_h=yes
ac_cv_header_sys_stat_h=yes
ac_cv_header_sys_types_h=yes
ac_cv_header_unistd_h=yes
ac_cv_host=x86_64-apple-darwin13.4.0
ac_cv_lib_efence_malloc=no
ac_cv_objext=o
ac_cv_path_EGREP='/opt/local/bin/grep -E'
ac_cv_path_FGREP='/opt/local/bin/grep -F'
ac_cv_path_GREP=/opt/local/bin/grep
ac_cv_path_SED=sed
ac_cv_prog_AWK=gawk
ac_cv_prog_CPP='mpicc -E'
ac_cv_prog_SED=sed
ac_cv_prog_ac_ct_AR=ar
ac_cv_prog_ac_ct_CC=mpicc
ac_cv_prog_ac_ct_DLLTOOL=dlltool
ac_cv_prog_ac_ct_DSYMUTIL=dsymutil
ac_cv_prog_ac_ct_LIPO=lipo
ac_cv_prog_ac_ct_NMEDIT=nmedit
ac_cv_prog_ac_ct_OBJDUMP=objdump
ac_cv_prog_ac_ct_OTOOL=otool
ac_cv_prog_ac_ct_RANLIB=ranlib
ac_cv_prog_ac_ct_STRIP=strip
ac_cv_prog_cc_c89=
ac_cv_prog_cc_g=yes
ac_cv_sizeof___int64=0
ac_cv_sizeof_int=4
ac_cv_sizeof_long=8
ac_cv_sizeof_long_long=8
ac_cv_sizeof_void_p=8
ac_cv_target=x86_64-apple-darwin13.4.0
lt_cv_apple_cc_single_mod=yes
lt_cv_ar_at_file=no
lt_cv_deplibs_check_method=pass_all
lt_cv_file_magic_cmd='$MAGIC_CMD'
lt_cv_file_magic_test_file=
lt_cv_ld_exported_symbols_list=yes
lt_cv_ld_force_load=yes
lt_cv_ld_reload_flag=-r
lt_cv_nm_interface='BSD nm'
lt_cv_objdir=.libs
lt_cv_path_LD=/Applications/Xcode.app/Contents/Developer/Toolchains/XcodeDefault.xctoolchain/usr/bin/ld
lt_cv_path_NM=/usr/bin/nm
lt_cv_path_mainfest_tool=no
lt_cv_prog_compiler_c_o=yes
lt_cv_prog_compiler_pic='-fno-common -DPIC'
lt_cv_prog_compiler_pic_works=yes
lt_cv_prog_compiler_rtti_exceptions=yes
lt_cv_prog_compiler_static_works=no
lt_cv_prog_gnu_ld=no
lt_cv_sharedlib_from_linklib_cmd='printf %s\n'
lt_cv_sys_global_symbol_pipe='sed -n -e '\''s/^.*[	 ]\([BCDEGRST][BCDEGRST]*\)[	 ][	 ]*_\([_A-Za-z][_A-Za-z0-9]*\)$/\1 _\2 \2/p'\'' | sed '\''/ __gnu_lto/d'\'''
lt_cv_sys_global_symbol_to_c_name_address='sed -n -e '\''s/^: \([^ ]*\)[ ]*$/  {\"\1\", (void *) 0},/p'\'' -e '\''s/^[BCDEGRST]* \([^ ]*\) \([^ ]*\)$/  {"\2", (void *) \&\2},/p'\'''
lt_cv_sys_global_symbol_to_c_name_address_lib_prefix='sed -n -e '\''s/^: \([^ ]*\)[ ]*$/  {\"\1\", (void *) 0},/p'\'' -e '\''s/^[BCDEGRST]* \([^ ]*\) \(lib[^ ]*\)$/  {"\2", (void *) \&\2},/p'\'' -e '\''s/^[BCDEGRST]* \([^ ]*\) \([^ ]*\)$/  {"lib\2", (void *) \&\2},/p'\'''
lt_cv_sys_global_symbol_to_cdecl='sed -n -e '\''s/^T .* \(.*\)$/extern int \1();/p'\'' -e '\''s/^[BCDEGRST]* .* \(.*\)$/extern char \1;/p'\'''
lt_cv_sys_max_cmd_len=196608
lt_cv_to_host_file_cmd=func_convert_file_noop
lt_cv_to_tool_file_cmd=func_convert_file_noop

## ----------------- ##
## Output variables. ##
## ----------------- ##

AR='ar'
AS='as'
AWK='gawk'
CC='mpicc'
CFLAGS='-g -O2'
CPP='mpicc -E'
CPPFLAGS=''
DEBUG_LIBS=''
DEFS=''
DLLTOOL='dlltool'
DSYMUTIL='dsymutil'
DUMPBIN=''
ECHO_C='\c'
ECHO_N=''
ECHO_T=''
EGREP='/opt/local/bin/grep -E'
EXEEXT=''
EXEFILES=''
EXPORT_SYMBOLS='no'
FGREP='/opt/local/bin/grep -F'
GREP='/opt/local/bin/grep'
INSTALL_DATA=''
INSTALL_PROGRAM=''
INSTALL_SCRIPT=''
JNI_INC=''
JPATH_FINAL=''
JPATH_START=''
JVM=''
JVMFLAGS=''
LD='/Applications/Xcode.app/Contents/Developer/Toolchains/XcodeDefault.xctoolchain/usr/bin/ld'
LDFLAGS=''
LIBOBJS=''
LIBS=''
LIBSO_CFLAGS=''
LIBSO_LDFLAGS='-shrext .jnilib'
LIBSO_PREFIX='lib'
LIBTOOL='$(SHELL) $(top_builddir)/libtool'
LIBTOOL_DEPS='./ltmain.sh'
LIPO='lipo'
LN_S='ln -s'
LTLIBOBJS=''
MAKE='make'
MANIFEST_TOOL=':'
NM='/usr/bin/nm'
NMEDIT='nmedit'
OBJDUMP='objdump'
OBJEXT='o'
OTOOL64=':'
OTOOL='otool'
PACKAGE_BUGREPORT=''
PACKAGE_NAME=''
PACKAGE_STRING=''
PACKAGE_TARNAME=''
PACKAGE_URL=''
PACKAGE_VERSION=''
PATH_SEPARATOR=':'
RANLIB='ranlib'
RANLIB_AFTER_INSTALL=''
RM='rm -f'
SED='sed'
SHELL='/bin/sh'
STRIP='strip'
TRACE_CC=''
TRACE_CFLAGS=''
TRACE_NAME=''
VPATH='VPATH=.:$(srcdir)'
VPATH_EXTRA=':$(TRACE_SRCDIR)'
ac_ct_AR='ar'
ac_ct_CC='mpicc'
ac_ct_DUMPBIN=''
binbuild_dir=''
bindir='${exec_prefix}/bin'
build='x86_64-apple-darwin13.4.0'
build_alias=''
build_cpu='x86_64'
build_os='darwin13.4.0'
build_vendor='apple'
datadir='${datarootdir}'
datarootdir='${prefix}/share'
docdir='${datarootdir}/doc/${PACKAGE}'
dvidir='${docdir}'
exec_prefix='NONE'
gui_libbuild_dir=''
host='x86_64-apple-darwin13.4.0'
host_alias=''
host_cpu='x86_64'
host_os='darwin13.4.0'
host_vendor='apple'
htmldir='${docdir}'
includedir='${prefix}/include'
infodir='${datarootdir}/info'
libbuild_dir=''
libdir='${exec_prefix}/lib'
libexecdir='${exec_prefix}/libexec'
localedir='${datarootdir}/locale'
localstatedir='${prefix}/var'
logfilesbuild_dir=''
mandir='${datarootdir}/man'
oldincludedir='/usr/include'
pdfdir='${docdir}'
prefix='/usr/local'
program_transform_name='s,x,x,'
psdir='${docdir}'
sbinbuild_dir=''
sbindir='${exec_prefix}/sbin'
sharebuild_dir=''
sharedstatedir='${prefix}/com'
sysconfdir='${prefix}/etc'
target='x86_64-apple-darwin13.4.0'
target_alias=''
target_cpu='x86_64'
target_os='darwin13.4.0'
target_vendor='apple'
top_srcdir_abs='/Users/gropp/tmp/mpe2-git/src/slog2sdk/trace_rlog'

## ----------- ##
## confdefs.h. ##
## ----------- ##

/* confdefs.h */
#define PACKAGE_NAME ""
#define PACKAGE_TARNAME ""
#define PACKAGE_VERSION ""
#define PACKAGE_STRING ""
#define PACKAGE_BUGREPORT ""
#define PACKAGE_URL ""
#define STDC_HEADERS 1
#define HAVE_SYS_TYPES_H 1
#define HAVE_SYS_STAT_H 1
#define HAVE_STDLIB_H 1
#define HAVE_STRING_H 1
#define HAVE_MEMORY_H 1
#define HAVE_STRINGS_H 1
#define HAVE_INTTYPES_H 1
#define HAVE_STDINT_H 1
#define HAVE_UNISTD_H 1
#define HAVE_STDLIB_H 1
#define HAVE_STDIO_H 1
#define HAVE_STRING_H 1
#define HAVE_CTYPE_H 1
#define HAVE_ERRNO_H 1
#define SIZEOF_VOID_P 8
#define SIZEOF_INT 4
#define SIZEOF_LONG 8
#define SIZEOF_LONG_LONG 8
#define SIZEOF___INT64 0
#define HAVE_DLFCN_H 1
#define LT_OBJDIR ".libs/"
#define HAVE_STRSTR 1

configure: exit 0
