This file contains any messages produced by compilers while
running configure, to aid debugging if configure makes a mistake.

It was created by configure, which was
generated by GNU Autoconf 2.69.  Invocation command line was

  $ ./configure --disable-option-checking --prefix=/usr/local CC=mpicc F77=mpifort --cache-file=/dev/null --srcdir=.

## --------- ##
## Platform. ##
## --------- ##

hostname = dyn-128-174-22-161.csl.illinois.edu
uname -m = x86_64
uname -r = 13.4.0
uname -s = Darwin
uname -v = Darwin Kernel Version 13.4.0: Wed Mar 18 16:20:14 PDT 2015; root:xnu-2422.115.14~1/RELEASE_X86_64

/usr/bin/uname -p = i386
/bin/uname -X     = unknown

/bin/arch              = unknown
/usr/bin/arch -k       = unknown
/usr/convex/getsysinfo = unknown
/usr/bin/hostinfo      = Mach kernel version:
	 Darwin Kernel Version 13.4.0: Wed Mar 18 16:20:14 PDT 2015; root:xnu-2422.115.14~1/RELEASE_X86_64
Kernel configured for up to 8 processors.
4 processors are physically available.
8 processors are logically available.
Processor type: i486 (Intel 80486)
Processors active: 0 1 2 3 4 5 6 7
Primary memory available: 16.00 gigabytes
Default processor set: 174 tasks, 931 threads, 8 processors
Load average: 3.28, Mach factor: 4.71
/bin/machine           = unknown
/usr/bin/oslevel       = unknown
/bin/universe          = unknown

PATH: /Users/gropp/bin
PATH: /usr/bin
PATH: /bin
PATH: /usr/sbin
PATH: /sbin
PATH: /usr/local/bin
PATH: /opt/X11/bin
PATH: /Library/TeX/texbin
PATH: /usr/local/bin
PATH: /usr/X11R6/bin
PATH: /opt/local/bin
PATH: /opt/local/sbin


## ----------- ##
## Core tests. ##
## ----------- ##

configure:2567: checking for current directory name
configure:2611: result: /Users/gropp/tmp/mpe2-git/src/slog2sdk/trace_sample
configure:2674: checking gnumake
configure:2696: result: no
configure:2703: checking BSD 4.4 make
configure:2723: result: no - whew
configure:2729: checking OSF V3 make
configure:2748: result: no
configure:2755: checking for virtual path format
configure:2770: result: VPATH
configure:2881: checking for gcc
configure:2908: result: mpicc
configure:3137: checking for C compiler version
configure:3146: mpicc --version >&5
Apple LLVM version 6.0 (clang-600.0.57) (based on LLVM 3.5svn)
Target: x86_64-apple-darwin13.4.0
Thread model: posix
configure:3157: $? = 0
configure:3146: mpicc -v >&5
mpicc for MPICH version 3.2rc1
Apple LLVM version 6.0 (clang-600.0.57) (based on LLVM 3.5svn)
Target: x86_64-apple-darwin13.4.0
Thread model: posix
clang: warning: argument unused during compilation: '-I /Users/gropp/installs/mpich2/include'
configure:3157: $? = 0
configure:3146: mpicc -V >&5
clang: error: unsupported option '-V -I/Users/gropp/installs/mpich2/include'
configure:3157: $? = 1
configure:3146: mpicc -qversion >&5
clang: error: unknown argument: '-qversion'
configure:3157: $? = 1
configure:3177: checking whether the C compiler works
configure:3199: mpicc    conftest.c  >&5
configure:3203: $? = 0
configure:3251: result: yes
configure:3254: checking for C compiler default output file name
configure:3256: result: a.out
configure:3262: checking for suffix of executables
configure:3269: mpicc -o conftest    conftest.c  >&5
configure:3273: $? = 0
configure:3295: result: 
configure:3317: checking whether we are cross compiling
configure:3325: mpicc -o conftest    conftest.c  >&5
configure:3329: $? = 0
configure:3336: ./conftest
configure:3340: $? = 0
configure:3355: result: no
configure:3360: checking for suffix of object files
configure:3382: mpicc -c   conftest.c >&5
configure:3386: $? = 0
configure:3407: result: o
configure:3411: checking whether we are using the GNU C compiler
configure:3430: mpicc -c   conftest.c >&5
configure:3430: $? = 0
configure:3439: result: yes
configure:3448: checking whether mpicc accepts -g
configure:3468: mpicc -c -g  conftest.c >&5
configure:3468: $? = 0
configure:3509: result: yes
configure:3526: checking for mpicc option to accept ISO C89
configure:3589: mpicc  -c -g -O2  conftest.c >&5
configure:3589: $? = 0
configure:3602: result: none needed
configure:3628: checking how to run the C preprocessor
configure:3659: mpicc -E  conftest.c
configure:3659: $? = 0
configure:3673: mpicc -E  conftest.c
conftest.c:9:10: fatal error: 'ac_nonexistent.h' file not found
#include <ac_nonexistent.h>
         ^
1 error generated.
configure:3673: $? = 1
configure: failed program was:
| /* confdefs.h */
| #define PACKAGE_NAME ""
| #define PACKAGE_TARNAME ""
| #define PACKAGE_VERSION ""
| #define PACKAGE_STRING ""
| #define PACKAGE_BUGREPORT ""
| #define PACKAGE_URL ""
| /* end confdefs.h.  */
| #include <ac_nonexistent.h>
configure:3698: result: mpicc -E
configure:3718: mpicc -E  conftest.c
configure:3718: $? = 0
configure:3732: mpicc -E  conftest.c
conftest.c:9:10: fatal error: 'ac_nonexistent.h' file not found
#include <ac_nonexistent.h>
         ^
1 error generated.
configure:3732: $? = 1
configure: failed program was:
| /* confdefs.h */
| #define PACKAGE_NAME ""
| #define PACKAGE_TARNAME ""
| #define PACKAGE_VERSION ""
| #define PACKAGE_STRING ""
| #define PACKAGE_BUGREPORT ""
| #define PACKAGE_URL ""
| /* end confdefs.h.  */
| #include <ac_nonexistent.h>
configure:3761: checking for grep that handles long lines and -e
configure:3819: result: /opt/local/bin/grep
configure:3824: checking for egrep
configure:3886: result: /opt/local/bin/grep -E
configure:3891: checking for ANSI C header files
configure:3911: mpicc -c -g -O2  conftest.c >&5
configure:3911: $? = 0
configure:3984: mpicc -o conftest -g -O2   conftest.c  >&5
configure:3984: $? = 0
configure:3984: ./conftest
configure:3984: $? = 0
configure:3995: result: yes
configure:4008: checking for sys/types.h
configure:4008: mpicc -c -g -O2  conftest.c >&5
configure:4008: $? = 0
configure:4008: result: yes
configure:4008: checking for sys/stat.h
configure:4008: mpicc -c -g -O2  conftest.c >&5
configure:4008: $? = 0
configure:4008: result: yes
configure:4008: checking for stdlib.h
configure:4008: mpicc -c -g -O2  conftest.c >&5
configure:4008: $? = 0
configure:4008: result: yes
configure:4008: checking for string.h
configure:4008: mpicc -c -g -O2  conftest.c >&5
configure:4008: $? = 0
configure:4008: result: yes
configure:4008: checking for memory.h
configure:4008: mpicc -c -g -O2  conftest.c >&5
configure:4008: $? = 0
configure:4008: result: yes
configure:4008: checking for strings.h
configure:4008: mpicc -c -g -O2  conftest.c >&5
configure:4008: $? = 0
configure:4008: result: yes
configure:4008: checking for inttypes.h
configure:4008: mpicc -c -g -O2  conftest.c >&5
configure:4008: $? = 0
configure:4008: result: yes
configure:4008: checking for stdint.h
configure:4008: mpicc -c -g -O2  conftest.c >&5
configure:4008: $? = 0
configure:4008: result: yes
configure:4008: checking for unistd.h
configure:4008: mpicc -c -g -O2  conftest.c >&5
configure:4008: $? = 0
configure:4008: result: yes
configure:4023: checking for stdlib.h
configure:4023: result: yes
configure:4023: checking stdio.h usability
configure:4023: mpicc -c -g -O2  conftest.c >&5
configure:4023: $? = 0
configure:4023: result: yes
configure:4023: checking stdio.h presence
configure:4023: mpicc -E  conftest.c
configure:4023: $? = 0
configure:4023: result: yes
configure:4023: checking for stdio.h
configure:4023: result: yes
configure:4023: checking for string.h
configure:4023: result: yes
configure:4033: checking for an ANSI C-conforming const
configure:4099: mpicc -c -g -O2  conftest.c >&5
configure:4099: $? = 0
configure:4106: result: yes
configure:4118: checking size of void *
configure:4123: mpicc -o conftest -g -O2   conftest.c  >&5
configure:4123: $? = 0
configure:4123: ./conftest
configure:4123: $? = 0
configure:4137: result: 8
configure:4151: checking size of int
configure:4156: mpicc -o conftest -g -O2   conftest.c  >&5
configure:4156: $? = 0
configure:4156: ./conftest
configure:4156: $? = 0
configure:4170: result: 4
configure:4184: checking size of long
configure:4189: mpicc -o conftest -g -O2   conftest.c  >&5
configure:4189: $? = 0
configure:4189: ./conftest
configure:4189: $? = 0
configure:4203: result: 8
configure:4217: checking size of long long
configure:4222: mpicc -o conftest -g -O2   conftest.c  >&5
configure:4222: $? = 0
configure:4222: ./conftest
configure:4222: $? = 0
configure:4236: result: 8
configure:4250: checking size of __int64
configure:4255: mpicc -o conftest -g -O2   conftest.c  >&5
conftest.c:59:57: error: use of undeclared identifier '__int64'; did you mean '__int64_t'?
static long int longval () { return (long int) (sizeof (__int64)); }
                                                        ^
/usr/include/i386/_types.h:46:20: note: '__int64_t' declared here
typedef long long               __int64_t;
                                ^
conftest.c:60:67: error: use of undeclared identifier '__int64'; did you mean '__int64_t'?
static unsigned long int ulongval () { return (long int) (sizeof (__int64)); }
                                                                  ^
/usr/include/i386/_types.h:46:20: note: '__int64_t' declared here
typedef long long               __int64_t;
                                ^
conftest.c:70:28: error: use of undeclared identifier '__int64'; did you mean '__int64_t'?
  if (((long int) (sizeof (__int64))) < 0)
                           ^
/usr/include/i386/_types.h:46:20: note: '__int64_t' declared here
typedef long long               __int64_t;
                                ^
conftest.c:73:37: error: use of undeclared identifier '__int64'; did you mean '__int64_t'?
      if (i != ((long int) (sizeof (__int64))))
                                    ^
/usr/include/i386/_types.h:46:20: note: '__int64_t' declared here
typedef long long               __int64_t;
                                ^
conftest.c:80:37: error: use of undeclared identifier '__int64'; did you mean '__int64_t'?
      if (i != ((long int) (sizeof (__int64))))
                                    ^
/usr/include/i386/_types.h:46:20: note: '__int64_t' declared here
typedef long long               __int64_t;
                                ^
5 errors generated.
configure:4255: $? = 1
configure: program exited with status 1
configure: failed program was:
| /* confdefs.h */
| #define PACKAGE_NAME ""
| #define PACKAGE_TARNAME ""
| #define PACKAGE_VERSION ""
| #define PACKAGE_STRING ""
| #define PACKAGE_BUGREPORT ""
| #define PACKAGE_URL ""
| #define STDC_HEADERS 1
| #define HAVE_SYS_TYPES_H 1
| #define HAVE_SYS_STAT_H 1
| #define HAVE_STDLIB_H 1
| #define HAVE_STRING_H 1
| #define HAVE_MEMORY_H 1
| #define HAVE_STRINGS_H 1
| #define HAVE_INTTYPES_H 1
| #define HAVE_STDINT_H 1
| #define HAVE_UNISTD_H 1
| #define HAVE_STDLIB_H 1
| #define HAVE_STDIO_H 1
| #define HAVE_STRING_H 1
| #define SIZEOF_VOID_P 8
| #define SIZEOF_INT 4
| #define SIZEOF_LONG 8
| #define SIZEOF_LONG_LONG 8
| /* end confdefs.h.  */
| #include <stdio.h>
| #ifdef HAVE_SYS_TYPES_H
| # include <sys/types.h>
| #endif
| #ifdef HAVE_SYS_STAT_H
| # include <sys/stat.h>
| #endif
| #ifdef STDC_HEADERS
| # include <stdlib.h>
| # include <stddef.h>
| #else
| # ifdef HAVE_STDLIB_H
| #  include <stdlib.h>
| # endif
| #endif
| #ifdef HAVE_STRING_H
| # if !defined STDC_HEADERS && defined HAVE_MEMORY_H
| #  include <memory.h>
| # endif
| # include <string.h>
| #endif
| #ifdef HAVE_STRINGS_H
| # include <strings.h>
| #endif
| #ifdef HAVE_INTTYPES_H
| # include <inttypes.h>
| #endif
| #ifdef HAVE_STDINT_H
| # include <stdint.h>
| #endif
| #ifdef HAVE_UNISTD_H
| # include <unistd.h>
| #endif
| static long int longval () { return (long int) (sizeof (__int64)); }
| static unsigned long int ulongval () { return (long int) (sizeof (__int64)); }
| #include <stdio.h>
| #include <stdlib.h>
| int
| main ()
| {
| 
|   FILE *f = fopen ("conftest.val", "w");
|   if (! f)
|     return 1;
|   if (((long int) (sizeof (__int64))) < 0)
|     {
|       long int i = longval ();
|       if (i != ((long int) (sizeof (__int64))))
| 	return 1;
|       fprintf (f, "%ld", i);
|     }
|   else
|     {
|       unsigned long int i = ulongval ();
|       if (i != ((long int) (sizeof (__int64))))
| 	return 1;
|       fprintf (f, "%lu", i);
|     }
|   /* Do not output a trailing newline, as this causes \r\n confusion
|      on some platforms.  */
|   return ferror (f) || fclose (f) != 0;
| 
|   ;
|   return 0;
| }
configure:4269: result: 0
configure:4280: checking for int8_t
configure:4280: mpicc -c -g -O2  conftest.c >&5
configure:4280: $? = 0
configure:4280: mpicc -c -g -O2  conftest.c >&5
conftest.c:64:24: error: 'test_array' declared as an array with a negative size
static int test_array [1 - 2 * !((int8_t) (((((int8_t) 1 << N) << N) - 1) * 2 + 1)
                       ^~~~~~~~~~~~~~~~~~~~~~~~~~~~~~~~~~~~~~~~~~~~~~~~~~~~~~~~~~~
1 error generated.
configure:4280: $? = 1
configure: failed program was:
| /* confdefs.h */
| #define PACKAGE_NAME ""
| #define PACKAGE_TARNAME ""
| #define PACKAGE_VERSION ""
| #define PACKAGE_STRING ""
| #define PACKAGE_BUGREPORT ""
| #define PACKAGE_URL ""
| #define STDC_HEADERS 1
| #define HAVE_SYS_TYPES_H 1
| #define HAVE_SYS_STAT_H 1
| #define HAVE_STDLIB_H 1
| #define HAVE_STRING_H 1
| #define HAVE_MEMORY_H 1
| #define HAVE_STRINGS_H 1
| #define HAVE_INTTYPES_H 1
| #define HAVE_STDINT_H 1
| #define HAVE_UNISTD_H 1
| #define HAVE_STDLIB_H 1
| #define HAVE_STDIO_H 1
| #define HAVE_STRING_H 1
| #define SIZEOF_VOID_P 8
| #define SIZEOF_INT 4
| #define SIZEOF_LONG 8
| #define SIZEOF_LONG_LONG 8
| #define SIZEOF___INT64 0
| /* end confdefs.h.  */
| #include <stdio.h>
| #ifdef HAVE_SYS_TYPES_H
| # include <sys/types.h>
| #endif
| #ifdef HAVE_SYS_STAT_H
| # include <sys/stat.h>
| #endif
| #ifdef STDC_HEADERS
| # include <stdlib.h>
| # include <stddef.h>
| #else
| # ifdef HAVE_STDLIB_H
| #  include <stdlib.h>
| # endif
| #endif
| #ifdef HAVE_STRING_H
| # if !defined STDC_HEADERS && defined HAVE_MEMORY_H
| #  include <memory.h>
| # endif
| # include <string.h>
| #endif
| #ifdef HAVE_STRINGS_H
| # include <strings.h>
| #endif
| #ifdef HAVE_INTTYPES_H
| # include <inttypes.h>
| #endif
| #ifdef HAVE_STDINT_H
| # include <stdint.h>
| #endif
| #ifdef HAVE_UNISTD_H
| # include <unistd.h>
| #endif
| 	        enum { N = 8 / 2 - 1 };
| int
| main ()
| {
| static int test_array [1 - 2 * !((int8_t) (((((int8_t) 1 << N) << N) - 1) * 2 + 1)
| 		 < (int8_t) (((((int8_t) 1 << N) << N) - 1) * 2 + 2))];
| test_array [0] = 0;
| return test_array [0];
| 
|   ;
|   return 0;
| }
configure:4280: result: yes
configure:4291: checking for int16_t
configure:4291: mpicc -c -g -O2  conftest.c >&5
configure:4291: $? = 0
configure:4291: mpicc -c -g -O2  conftest.c >&5
conftest.c:64:24: error: 'test_array' declared as an array with a negative size
static int test_array [1 - 2 * !((int16_t) (((((int16_t) 1 << N) << N) - 1) * 2 + 1)
                       ^~~~~~~~~~~~~~~~~~~~~~~~~~~~~~~~~~~~~~~~~~~~~~~~~~~~~~~~~~~~~
1 error generated.
configure:4291: $? = 1
configure: failed program was:
| /* confdefs.h */
| #define PACKAGE_NAME ""
| #define PACKAGE_TARNAME ""
| #define PACKAGE_VERSION ""
| #define PACKAGE_STRING ""
| #define PACKAGE_BUGREPORT ""
| #define PACKAGE_URL ""
| #define STDC_HEADERS 1
| #define HAVE_SYS_TYPES_H 1
| #define HAVE_SYS_STAT_H 1
| #define HAVE_STDLIB_H 1
| #define HAVE_STRING_H 1
| #define HAVE_MEMORY_H 1
| #define HAVE_STRINGS_H 1
| #define HAVE_INTTYPES_H 1
| #define HAVE_STDINT_H 1
| #define HAVE_UNISTD_H 1
| #define HAVE_STDLIB_H 1
| #define HAVE_STDIO_H 1
| #define HAVE_STRING_H 1
| #define SIZEOF_VOID_P 8
| #define SIZEOF_INT 4
| #define SIZEOF_LONG 8
| #define SIZEOF_LONG_LONG 8
| #define SIZEOF___INT64 0
| /* end confdefs.h.  */
| #include <stdio.h>
| #ifdef HAVE_SYS_TYPES_H
| # include <sys/types.h>
| #endif
| #ifdef HAVE_SYS_STAT_H
| # include <sys/stat.h>
| #endif
| #ifdef STDC_HEADERS
| # include <stdlib.h>
| # include <stddef.h>
| #else
| # ifdef HAVE_STDLIB_H
| #  include <stdlib.h>
| # endif
| #endif
| #ifdef HAVE_STRING_H
| # if !defined STDC_HEADERS && defined HAVE_MEMORY_H
| #  include <memory.h>
| # endif
| # include <string.h>
| #endif
| #ifdef HAVE_STRINGS_H
| # include <strings.h>
| #endif
| #ifdef HAVE_INTTYPES_H
| # include <inttypes.h>
| #endif
| #ifdef HAVE_STDINT_H
| # include <stdint.h>
| #endif
| #ifdef HAVE_UNISTD_H
| # include <unistd.h>
| #endif
| 	        enum { N = 16 / 2 - 1 };
| int
| main ()
| {
| static int test_array [1 - 2 * !((int16_t) (((((int16_t) 1 << N) << N) - 1) * 2 + 1)
| 		 < (int16_t) (((((int16_t) 1 << N) << N) - 1) * 2 + 2))];
| test_array [0] = 0;
| return test_array [0];
| 
|   ;
|   return 0;
| }
configure:4291: result: yes
configure:4302: checking for int32_t
configure:4302: mpicc -c -g -O2  conftest.c >&5
configure:4302: $? = 0
configure:4302: mpicc -c -g -O2  conftest.c >&5
conftest.c:64:24: error: 'test_array' declared as an array with a negative size
static int test_array [1 - 2 * !((int32_t) (((((int32_t) 1 << N) << N) - 1) * 2 + 1)
                       ^~~~~~~~~~~~~~~~~~~~~~~~~~~~~~~~~~~~~~~~~~~~~~~~~~~~~~~~~~~~~
1 error generated.
configure:4302: $? = 1
configure: failed program was:
| /* confdefs.h */
| #define PACKAGE_NAME ""
| #define PACKAGE_TARNAME ""
| #define PACKAGE_VERSION ""
| #define PACKAGE_STRING ""
| #define PACKAGE_BUGREPORT ""
| #define PACKAGE_URL ""
| #define STDC_HEADERS 1
| #define HAVE_SYS_TYPES_H 1
| #define HAVE_SYS_STAT_H 1
| #define HAVE_STDLIB_H 1
| #define HAVE_STRING_H 1
| #define HAVE_MEMORY_H 1
| #define HAVE_STRINGS_H 1
| #define HAVE_INTTYPES_H 1
| #define HAVE_STDINT_H 1
| #define HAVE_UNISTD_H 1
| #define HAVE_STDLIB_H 1
| #define HAVE_STDIO_H 1
| #define HAVE_STRING_H 1
| #define SIZEOF_VOID_P 8
| #define SIZEOF_INT 4
| #define SIZEOF_LONG 8
| #define SIZEOF_LONG_LONG 8
| #define SIZEOF___INT64 0
| /* end confdefs.h.  */
| #include <stdio.h>
| #ifdef HAVE_SYS_TYPES_H
| # include <sys/types.h>
| #endif
| #ifdef HAVE_SYS_STAT_H
| # include <sys/stat.h>
| #endif
| #ifdef STDC_HEADERS
| # include <stdlib.h>
| # include <stddef.h>
| #else
| # ifdef HAVE_STDLIB_H
| #  include <stdlib.h>
| # endif
| #endif
| #ifdef HAVE_STRING_H
| # if !defined STDC_HEADERS && defined HAVE_MEMORY_H
| #  include <memory.h>
| # endif
| # include <string.h>
| #endif
| #ifdef HAVE_STRINGS_H
| # include <strings.h>
| #endif
| #ifdef HAVE_INTTYPES_H
| # include <inttypes.h>
| #endif
| #ifdef HAVE_STDINT_H
| # include <stdint.h>
| #endif
| #ifdef HAVE_UNISTD_H
| # include <unistd.h>
| #endif
| 	        enum { N = 32 / 2 - 1 };
| int
| main ()
| {
| static int test_array [1 - 2 * !((int32_t) (((((int32_t) 1 << N) << N) - 1) * 2 + 1)
| 		 < (int32_t) (((((int32_t) 1 << N) << N) - 1) * 2 + 2))];
| test_array [0] = 0;
| return test_array [0];
| 
|   ;
|   return 0;
| }
configure:4302: result: yes
configure:4313: checking for int64_t
configure:4313: mpicc -c -g -O2  conftest.c >&5
configure:4313: $? = 0
configure:4313: mpicc -c -g -O2  conftest.c >&5
conftest.c:64:24: error: 'test_array' declared as an array with a negative size
static int test_array [1 - 2 * !((int64_t) (((((int64_t) 1 << N) << N) - 1) * 2 + 1)
                       ^~~~~~~~~~~~~~~~~~~~~~~~~~~~~~~~~~~~~~~~~~~~~~~~~~~~~~~~~~~~~
1 error generated.
configure:4313: $? = 1
configure: failed program was:
| /* confdefs.h */
| #define PACKAGE_NAME ""
| #define PACKAGE_TARNAME ""
| #define PACKAGE_VERSION ""
| #define PACKAGE_STRING ""
| #define PACKAGE_BUGREPORT ""
| #define PACKAGE_URL ""
| #define STDC_HEADERS 1
| #define HAVE_SYS_TYPES_H 1
| #define HAVE_SYS_STAT_H 1
| #define HAVE_STDLIB_H 1
| #define HAVE_STRING_H 1
| #define HAVE_MEMORY_H 1
| #define HAVE_STRINGS_H 1
| #define HAVE_INTTYPES_H 1
| #define HAVE_STDINT_H 1
| #define HAVE_UNISTD_H 1
| #define HAVE_STDLIB_H 1
| #define HAVE_STDIO_H 1
| #define HAVE_STRING_H 1
| #define SIZEOF_VOID_P 8
| #define SIZEOF_INT 4
| #define SIZEOF_LONG 8
| #define SIZEOF_LONG_LONG 8
| #define SIZEOF___INT64 0
| /* end confdefs.h.  */
| #include <stdio.h>
| #ifdef HAVE_SYS_TYPES_H
| # include <sys/types.h>
| #endif
| #ifdef HAVE_SYS_STAT_H
| # include <sys/stat.h>
| #endif
| #ifdef STDC_HEADERS
| # include <stdlib.h>
| # include <stddef.h>
| #else
| # ifdef HAVE_STDLIB_H
| #  include <stdlib.h>
| # endif
| #endif
| #ifdef HAVE_STRING_H
| # if !defined STDC_HEADERS && defined HAVE_MEMORY_H
| #  include <memory.h>
| # endif
| # include <string.h>
| #endif
| #ifdef HAVE_STRINGS_H
| # include <strings.h>
| #endif
| #ifdef HAVE_INTTYPES_H
| # include <inttypes.h>
| #endif
| #ifdef HAVE_STDINT_H
| # include <stdint.h>
| #endif
| #ifdef HAVE_UNISTD_H
| # include <unistd.h>
| #endif
| 	        enum { N = 64 / 2 - 1 };
| int
| main ()
| {
| static int test_array [1 - 2 * !((int64_t) (((((int64_t) 1 << N) << N) - 1) * 2 + 1)
| 		 < (int64_t) (((((int64_t) 1 << N) << N) - 1) * 2 + 2))];
| test_array [0] = 0;
| return test_array [0];
| 
|   ;
|   return 0;
| }
configure:4313: result: yes
configure:4324: checking for uint8_t
configure:4324: mpicc -c -g -O2  conftest.c >&5
configure:4324: $? = 0
configure:4324: result: yes
configure:4338: checking for uint16_t
configure:4338: mpicc -c -g -O2  conftest.c >&5
configure:4338: $? = 0
configure:4338: result: yes
configure:4350: checking for uint32_t
configure:4350: mpicc -c -g -O2  conftest.c >&5
configure:4350: $? = 0
configure:4350: result: yes
configure:4364: checking for uint64_t
configure:4364: mpicc -c -g -O2  conftest.c >&5
configure:4364: $? = 0
configure:4364: result: yes
configure:4437: checking whether byte ordering is bigendian
configure:4452: mpicc -c -g -O2  conftest.c >&5
configure:4452: $? = 0
configure:4497: mpicc -c -g -O2  conftest.c >&5
configure:4497: $? = 0
configure:4515: mpicc -c -g -O2  conftest.c >&5
conftest.c:34:4: error: use of undeclared identifier 'not'
                 not big endian
                 ^
1 error generated.
configure:4515: $? = 1
configure: failed program was:
| /* confdefs.h */
| #define PACKAGE_NAME ""
| #define PACKAGE_TARNAME ""
| #define PACKAGE_VERSION ""
| #define PACKAGE_STRING ""
| #define PACKAGE_BUGREPORT ""
| #define PACKAGE_URL ""
| #define STDC_HEADERS 1
| #define HAVE_SYS_TYPES_H 1
| #define HAVE_SYS_STAT_H 1
| #define HAVE_STDLIB_H 1
| #define HAVE_STRING_H 1
| #define HAVE_MEMORY_H 1
| #define HAVE_STRINGS_H 1
| #define HAVE_INTTYPES_H 1
| #define HAVE_STDINT_H 1
| #define HAVE_UNISTD_H 1
| #define HAVE_STDLIB_H 1
| #define HAVE_STDIO_H 1
| #define HAVE_STRING_H 1
| #define SIZEOF_VOID_P 8
| #define SIZEOF_INT 4
| #define SIZEOF_LONG 8
| #define SIZEOF_LONG_LONG 8
| #define SIZEOF___INT64 0
| /* end confdefs.h.  */
| #include <sys/types.h>
| 		#include <sys/param.h>
| 
| int
| main ()
| {
| #if BYTE_ORDER != BIG_ENDIAN
| 		 not big endian
| 		#endif
| 
|   ;
|   return 0;
| }
configure:4643: result: no
configure:4668: checking build system type
configure:4682: result: x86_64-apple-darwin13.4.0
configure:4702: checking host system type
configure:4715: result: x86_64-apple-darwin13.4.0
configure:5098: checking for sed
configure:5114: found /Users/gropp/bin/sed
configure:5126: result: sed
configure:5180: checking how to print strings
configure:5207: result: printf
configure:5228: checking for a sed that does not truncate output
configure:5292: result: sed
configure:5310: checking for fgrep
configure:5372: result: /opt/local/bin/grep -F
configure:5407: checking for ld used by mpicc
configure:5474: result: /Applications/Xcode.app/Contents/Developer/Toolchains/XcodeDefault.xctoolchain/usr/bin/ld
configure:5481: checking if the linker (/Applications/Xcode.app/Contents/Developer/Toolchains/XcodeDefault.xctoolchain/usr/bin/ld) is GNU ld
configure:5496: result: no
configure:5508: checking for BSD- or MS-compatible name lister (nm)
configure:5557: result: /usr/bin/nm
configure:5687: checking the name lister (/usr/bin/nm) interface
configure:5694: mpicc -c -g -O2  conftest.c >&5
configure:5697: /usr/bin/nm "conftest.o"
configure:5700: output
0000000000000234 S _some_variable
configure:5707: result: BSD nm
configure:5710: checking whether ln -s works
configure:5714: result: yes
configure:5722: checking the maximum length of command line arguments
configure:5852: result: 196608
configure:5869: checking whether the shell understands some XSI constructs
configure:5879: result: yes
configure:5883: checking whether the shell understands "+="
configure:5889: result: yes
configure:5924: checking how to convert x86_64-apple-darwin13.4.0 file names to x86_64-apple-darwin13.4.0 format
configure:5964: result: func_convert_file_noop
configure:5971: checking how to convert x86_64-apple-darwin13.4.0 file names to toolchain format
configure:5991: result: func_convert_file_noop
configure:5998: checking for /Applications/Xcode.app/Contents/Developer/Toolchains/XcodeDefault.xctoolchain/usr/bin/ld option to reload object files
configure:6005: result: -r
configure:6079: checking for objdump
configure:6106: result: objdump
configure:6135: checking how to recognize dependent libraries
configure:6337: result: pass_all
configure:6422: checking for dlltool
configure:6449: result: dlltool
configure:6479: checking how to associate runtime and link libraries
configure:6506: result: printf %s\n
configure:6566: checking for ar
configure:6582: found /usr/bin/ar
configure:6593: result: ar
configure:6630: checking for archiver @FILE support
configure:6647: mpicc -c -g -O2  conftest.c >&5
configure:6647: $? = 0
configure:6650: ar cru libconftest.a @conftest.lst >&5
ar: @conftest.lst: No such file or directory
configure:6653: $? = 1
configure:6673: result: no
configure:6731: checking for strip
configure:6747: found /usr/bin/strip
configure:6758: result: strip
configure:6830: checking for ranlib
configure:6846: found /usr/bin/ranlib
configure:6857: result: ranlib
configure:6934: checking for gawk
configure:6950: found /opt/local/bin/gawk
configure:6961: result: gawk
configure:7001: checking command to parse /usr/bin/nm output from mpicc object
configure:7121: mpicc -c -g -O2  conftest.c >&5
configure:7124: $? = 0
configure:7128: /usr/bin/nm conftest.o \| sed -n -e 's/^.*[ ]\([BCDEGRST][BCDEGRST]*\)[ ][ ]*\([_A-Za-z][_A-Za-z0-9]*\)$/\1 \2 \2/p' | sed '/ __gnu_lto/d' \> conftest.nm
configure:7131: $? = 0
cannot find nm_test_var in conftest.nm
configure:7121: mpicc -c -g -O2  conftest.c >&5
configure:7124: $? = 0
configure:7128: /usr/bin/nm conftest.o \| sed -n -e 's/^.*[ ]\([BCDEGRST][BCDEGRST]*\)[ ][ ]*_\([_A-Za-z][_A-Za-z0-9]*\)$/\1 _\2 \2/p' | sed '/ __gnu_lto/d' \> conftest.nm
configure:7131: $? = 0
configure:7197: mpicc -o conftest -g -O2   conftest.c conftstm.o >&5
configure:7200: $? = 0
configure:7238: result: ok
configure:7275: checking for sysroot
configure:7305: result: no
configure:7561: checking for mt
configure:7591: result: no
configure:7611: checking if : is a manifest tool
configure:7617: : '-?'
configure:7625: result: no
configure:7681: checking for dsymutil
configure:7697: found /usr/bin/dsymutil
configure:7708: result: dsymutil
configure:7773: checking for nmedit
configure:7789: found /usr/bin/nmedit
configure:7800: result: nmedit
configure:7865: checking for lipo
configure:7881: found /usr/bin/lipo
configure:7892: result: lipo
configure:7957: checking for otool
configure:7973: found /usr/bin/otool
configure:7984: result: otool
configure:8049: checking for otool64
configure:8079: result: no
configure:8124: checking for -single_module linker flag
mpicc -g -O2  -o libconftest.dylib -dynamiclib -Wl,-single_module conftest.c
configure:8157: result: yes
configure:8160: checking for -exported_symbols_list linker flag
configure:8180: mpicc -o conftest -g -O2   -Wl,-exported_symbols_list,conftest.sym conftest.c  >&5
configure:8180: $? = 0
configure:8190: result: yes
configure:8193: checking for -force_load linker flag
mpicc -g -O2 -c -o conftest.o conftest.c
ar cru libconftest.a conftest.o
ranlib libconftest.a
mpicc -g -O2  -o conftest conftest.c -Wl,-force_load,./libconftest.a
configure:8225: result: yes
configure:8264: checking for dlfcn.h
configure:8264: mpicc -c -g -O2  conftest.c >&5
configure:8264: $? = 0
configure:8264: result: yes
configure:8438: checking for objdir
configure:8453: result: .libs
configure:8724: checking if mpicc supports -fno-rtti -fno-exceptions
configure:8742: mpicc -c -g -O2  -fno-rtti -fno-exceptions conftest.c >&5
configure:8746: $? = 0
configure:8759: result: yes
configure:9086: checking for mpicc option to produce PIC
configure:9093: result: -fno-common -DPIC
configure:9101: checking if mpicc PIC flag -fno-common -DPIC works
configure:9119: mpicc -c -g -O2  -fno-common -DPIC -DPIC conftest.c >&5
configure:9123: $? = 0
configure:9136: result: yes
configure:9165: checking if mpicc static flag -static works
configure:9193: result: no
configure:9208: checking if mpicc supports -c -o file.o
configure:9229: mpicc -c -g -O2  -o out/conftest2.o conftest.c >&5
configure:9233: $? = 0
configure:9255: result: yes
configure:9263: checking if mpicc supports -c -o file.o
configure:9310: result: yes
configure:9343: checking whether the mpicc linker (/Applications/Xcode.app/Contents/Developer/Toolchains/XcodeDefault.xctoolchain/usr/bin/ld) supports shared libraries
configure:10496: result: yes
configure:10736: checking dynamic linker characteristics
configure:11469: result: darwin13.4.0 dyld
configure:11576: checking how to hardcode library paths into programs
configure:11601: result: immediate
configure:12141: checking whether stripping libraries is possible
configure:12155: result: yes
configure:12181: checking if libtool supports shared libraries
configure:12183: result: yes
configure:12186: checking whether to build shared libraries
configure:12207: result: yes
configure:12210: checking whether to build static libraries
configure:12214: result: no
configure:12253: checking for malloc in -lefence
configure:12278: mpicc -o conftest -g -O2   conftest.c -lefence   >&5
conftest.c:36:6: warning: incompatible redeclaration of library function 'malloc' [-Wincompatible-library-redeclaration]
char malloc ();
     ^
conftest.c:36:6: note: 'malloc' is a builtin with type 'void *(unsigned long)'
1 warning generated.
ld: library not found for -lefence
clang: error: linker command failed with exit code 1 (use -v to see invocation)
configure:12278: $? = 1
configure: failed program was:
| /* confdefs.h */
| #define PACKAGE_NAME ""
| #define PACKAGE_TARNAME ""
| #define PACKAGE_VERSION ""
| #define PACKAGE_STRING ""
| #define PACKAGE_BUGREPORT ""
| #define PACKAGE_URL ""
| #define STDC_HEADERS 1
| #define HAVE_SYS_TYPES_H 1
| #define HAVE_SYS_STAT_H 1
| #define HAVE_STDLIB_H 1
| #define HAVE_STRING_H 1
| #define HAVE_MEMORY_H 1
| #define HAVE_STRINGS_H 1
| #define HAVE_INTTYPES_H 1
| #define HAVE_STDINT_H 1
| #define HAVE_UNISTD_H 1
| #define HAVE_STDLIB_H 1
| #define HAVE_STDIO_H 1
| #define HAVE_STRING_H 1
| #define SIZEOF_VOID_P 8
| #define SIZEOF_INT 4
| #define SIZEOF_LONG 8
| #define SIZEOF_LONG_LONG 8
| #define SIZEOF___INT64 0
| #define HAVE_DLFCN_H 1
| #define LT_OBJDIR ".libs/"
| /* end confdefs.h.  */
| 
| /* Override any GCC internal prototype to avoid an error.
|    Use char because int might match the return type of a GCC
|    builtin and then its argument prototype would still apply.  */
| #ifdef __cplusplus
| extern "C"
| #endif
| char malloc ();
| int
| main ()
| {
| return malloc ();
|   ;
|   return 0;
| }
configure:12287: result: no
configure:12296: checking for strstr
configure:12296: mpicc -o conftest -g -O2   conftest.c  >&5
conftest.c:52:6: warning: incompatible redeclaration of library function 'strstr' [-Wincompatible-library-redeclaration]
char strstr ();
     ^
conftest.c:52:6: note: 'strstr' is a builtin with type 'char *(const char *, const char *)'
1 warning generated.
configure:12296: $? = 0
configure:12296: result: yes
configure:12306: checking target system type
configure:12319: result: x86_64-apple-darwin13.4.0
configure:12561: checking for javah in user's PATH
configure:12563: result: found /usr/bin/javah
configure:12569: checking if /usr exists
configure:12572: result: yes
configure:12581: checking for <jni.h> include flag
configure:12598: result: no
configure:12778: checking for javah in known path
configure:12780: result: found /System/Library/Frameworks/JavaVM.framework/Versions/CurrentJDK/Home/bin/javah
configure:12786: checking if /System/Library/Frameworks/JavaVM.framework/Versions/CurrentJDK/Home exists
configure:12789: result: yes
configure:12798: checking for <jni.h> include flag
configure:12815: result: no
configure:12778: checking for javah in known path
configure:12780: result: found /System/Library/Frameworks/JavaVM.framework/Versions/1.6/Home/bin/javah
configure:12786: checking if /System/Library/Frameworks/JavaVM.framework/Versions/1.6/Home exists
configure:12789: result: yes
configure:12798: checking for <jni.h> include flag
configure:12815: result: no
configure:12778: checking for javah in known path
configure:12780: result: found /System/Library/Frameworks/JavaVM.framework/Versions/1.6.0/Home/bin/javah
configure:12786: checking if /System/Library/Frameworks/JavaVM.framework/Versions/1.6.0/Home exists
configure:12789: result: yes
configure:12798: checking for <jni.h> include flag
configure:12815: result: no
configure:12778: checking for javah in known path
configure:12780: result: found /System/Library/Frameworks/JavaVM.framework/Versions/1.5/Home/bin/javah
configure:12786: checking if /System/Library/Frameworks/JavaVM.framework/Versions/1.5/Home exists
configure:12789: result: yes
configure:12798: checking for <jni.h> include flag
configure:12815: result: no
configure:12778: checking for javah in known path
configure:12780: result: found /System/Library/Frameworks/JavaVM.framework/Versions/1.5.0/Home/bin/javah
configure:12786: checking if /System/Library/Frameworks/JavaVM.framework/Versions/1.5.0/Home exists
configure:12789: result: yes
configure:12798: checking for <jni.h> include flag
configure:12815: result: no
configure:12778: checking for javah in known path
configure:12780: result: found /System/Library/Frameworks/JavaVM.framework/Versions/1.4/Home/bin/javah
configure:12786: checking if /System/Library/Frameworks/JavaVM.framework/Versions/1.4/Home exists
configure:12789: result: yes
configure:12798: checking for <jni.h> include flag
configure:12815: result: no
configure:12778: checking for javah in known path
configure:12780: result: found /System/Library/Frameworks/JavaVM.framework/Versions/1.4.2/Home/bin/javah
configure:12786: checking if /System/Library/Frameworks/JavaVM.framework/Versions/1.4.2/Home exists
configure:12789: result: yes
configure:12798: checking for <jni.h> include flag
configure:12815: result: no
configure:12778: checking for javah in known path
configure:12780: result: found /usr/bin/javah
configure:12786: checking if /usr exists
configure:12789: result: yes
configure:12798: checking for <jni.h> include flag
configure:12815: result: no
configure:12890: WARNING:  Invalid JNI include dir, exit! 

## ---------------- ##
## Cache variables. ##
## ---------------- ##

ac_cv_build=x86_64-apple-darwin13.4.0
ac_cv_c_bigendian=no
ac_cv_c_compiler_gnu=yes
ac_cv_c_const=yes
ac_cv_c_int16_t=yes
ac_cv_c_int32_t=yes
ac_cv_c_int64_t=yes
ac_cv_c_int8_t=yes
ac_cv_c_uint16_t=yes
ac_cv_c_uint32_t=yes
ac_cv_c_uint64_t=yes
ac_cv_c_uint8_t=yes
ac_cv_env_CC_set=set
ac_cv_env_CC_value=mpicc
ac_cv_env_CFLAGS_set=
ac_cv_env_CFLAGS_value=
ac_cv_env_CPPFLAGS_set=
ac_cv_env_CPPFLAGS_value=
ac_cv_env_CPP_set=
ac_cv_env_CPP_value=
ac_cv_env_LDFLAGS_set=
ac_cv_env_LDFLAGS_value=
ac_cv_env_LIBS_set=
ac_cv_env_LIBS_value=
ac_cv_env_TRACE_CC_set=
ac_cv_env_TRACE_CC_value=
ac_cv_env_TRACE_CFLAGS_set=
ac_cv_env_TRACE_CFLAGS_value=
ac_cv_env_build_alias_set=
ac_cv_env_build_alias_value=
ac_cv_env_host_alias_set=
ac_cv_env_host_alias_value=
ac_cv_env_target_alias_set=
ac_cv_env_target_alias_value=
ac_cv_func_strstr=yes
ac_cv_header_dlfcn_h=yes
ac_cv_header_inttypes_h=yes
ac_cv_header_memory_h=yes
ac_cv_header_stdc=yes
ac_cv_header_stdint_h=yes
ac_cv_header_stdio_h=yes
ac_cv_header_stdlib_h=yes
ac_cv_header_string_h=yes
ac_cv_header_strings_h=yes
ac_cv_header_sys_stat_h=yes
ac_cv_header_sys_types_h=yes
ac_cv_header_unistd_h=yes
ac_cv_host=x86_64-apple-darwin13.4.0
ac_cv_lib_efence_malloc=no
ac_cv_objext=o
ac_cv_path_EGREP='/opt/local/bin/grep -E'
ac_cv_path_FGREP='/opt/local/bin/grep -F'
ac_cv_path_GREP=/opt/local/bin/grep
ac_cv_path_SED=sed
ac_cv_prog_AWK=gawk
ac_cv_prog_CPP='mpicc -E'
ac_cv_prog_SED=sed
ac_cv_prog_ac_ct_AR=ar
ac_cv_prog_ac_ct_CC=mpicc
ac_cv_prog_ac_ct_DLLTOOL=dlltool
ac_cv_prog_ac_ct_DSYMUTIL=dsymutil
ac_cv_prog_ac_ct_LIPO=lipo
ac_cv_prog_ac_ct_NMEDIT=nmedit
ac_cv_prog_ac_ct_OBJDUMP=objdump
ac_cv_prog_ac_ct_OTOOL=otool
ac_cv_prog_ac_ct_RANLIB=ranlib
ac_cv_prog_ac_ct_STRIP=strip
ac_cv_prog_cc_c89=
ac_cv_prog_cc_g=yes
ac_cv_sizeof___int64=0
ac_cv_sizeof_int=4
ac_cv_sizeof_long=8
ac_cv_sizeof_long_long=8
ac_cv_sizeof_void_p=8
ac_cv_target=x86_64-apple-darwin13.4.0
lt_cv_apple_cc_single_mod=yes
lt_cv_ar_at_file=no
lt_cv_deplibs_check_method=pass_all
lt_cv_file_magic_cmd='$MAGIC_CMD'
lt_cv_file_magic_test_file=
lt_cv_ld_exported_symbols_list=yes
lt_cv_ld_force_load=yes
lt_cv_ld_reload_flag=-r
lt_cv_nm_interface='BSD nm'
lt_cv_objdir=.libs
lt_cv_path_LD=/Applications/Xcode.app/Contents/Developer/Toolchains/XcodeDefault.xctoolchain/usr/bin/ld
lt_cv_path_NM=/usr/bin/nm
lt_cv_path_mainfest_tool=no
lt_cv_prog_compiler_c_o=yes
lt_cv_prog_compiler_pic='-fno-common -DPIC'
lt_cv_prog_compiler_pic_works=yes
lt_cv_prog_compiler_rtti_exceptions=yes
lt_cv_prog_compiler_static_works=no
lt_cv_prog_gnu_ld=no
lt_cv_sharedlib_from_linklib_cmd='printf %s\n'
lt_cv_sys_global_symbol_pipe='sed -n -e '\''s/^.*[	 ]\([BCDEGRST][BCDEGRST]*\)[	 ][	 ]*_\([_A-Za-z][_A-Za-z0-9]*\)$/\1 _\2 \2/p'\'' | sed '\''/ __gnu_lto/d'\'''
lt_cv_sys_global_symbol_to_c_name_address='sed -n -e '\''s/^: \([^ ]*\)[ ]*$/  {\"\1\", (void *) 0},/p'\'' -e '\''s/^[BCDEGRST]* \([^ ]*\) \([^ ]*\)$/  {"\2", (void *) \&\2},/p'\'''
lt_cv_sys_global_symbol_to_c_name_address_lib_prefix='sed -n -e '\''s/^: \([^ ]*\)[ ]*$/  {\"\1\", (void *) 0},/p'\'' -e '\''s/^[BCDEGRST]* \([^ ]*\) \(lib[^ ]*\)$/  {"\2", (void *) \&\2},/p'\'' -e '\''s/^[BCDEGRST]* \([^ ]*\) \([^ ]*\)$/  {"lib\2", (void *) \&\2},/p'\'''
lt_cv_sys_global_symbol_to_cdecl='sed -n -e '\''s/^T .* \(.*\)$/extern int \1();/p'\'' -e '\''s/^[BCDEGRST]* .* \(.*\)$/extern char \1;/p'\'''
lt_cv_sys_max_cmd_len=196608
lt_cv_to_host_file_cmd=func_convert_file_noop
lt_cv_to_tool_file_cmd=func_convert_file_noop
pac_cv_c_intx_val=yes
pac_cv_c_uintx_val=yes

## ----------------- ##
## Output variables. ##
## ----------------- ##

AR='ar'
AS='as'
AWK='gawk'
CC='mpicc'
CFLAGS='-g -O2'
CPP='mpicc -E'
CPPFLAGS=''
DEBUG_LIBS=''
DEFS=''
DLLTOOL='dlltool'
DSYMUTIL='dsymutil'
DUMPBIN=''
ECHO_C='\c'
ECHO_N=''
ECHO_T=''
EGREP='/opt/local/bin/grep -E'
EXEEXT=''
EXEFILES=''
EXPORT_SYMBOLS='no'
FGREP='/opt/local/bin/grep -F'
GREP='/opt/local/bin/grep'
INSTALL_DATA=''
INSTALL_PROGRAM=''
INSTALL_SCRIPT=''
JNI_INC=''
JPATH_FINAL=''
JPATH_START=''
JVM=''
JVMFLAGS=''
LD='/Applications/Xcode.app/Contents/Developer/Toolchains/XcodeDefault.xctoolchain/usr/bin/ld'
LDFLAGS=''
LIBOBJS=''
LIBS=''
LIBSO_CFLAGS=''
LIBSO_LDFLAGS='-shrext .jnilib'
LIBSO_PREFIX='lib'
LIBTOOL='$(SHELL) $(top_builddir)/libtool'
LIBTOOL_DEPS='./ltmain.sh'
LIPO='lipo'
LN_S='ln -s'
LTLIBOBJS=''
MAKE='make'
MANIFEST_TOOL=':'
NM='/usr/bin/nm'
NMEDIT='nmedit'
OBJDUMP='objdump'
OBJEXT='o'
OTOOL64=':'
OTOOL='otool'
PACKAGE_BUGREPORT=''
PACKAGE_NAME=''
PACKAGE_STRING=''
PACKAGE_TARNAME=''
PACKAGE_URL=''
PACKAGE_VERSION=''
PATH_SEPARATOR=':'
RANLIB='ranlib'
RANLIB_AFTER_INSTALL=''
RM='rm -f'
SED='sed'
SHELL='/bin/sh'
STRIP='strip'
TRACE_CC=''
TRACE_CFLAGS=''
TRACE_NAME=''
VPATH='VPATH=.:$(srcdir)'
VPATH_EXTRA=':$(TRACE_SRCDIR)'
ac_ct_AR='ar'
ac_ct_CC='mpicc'
ac_ct_DUMPBIN=''
binbuild_dir=''
bindir='${exec_prefix}/bin'
build='x86_64-apple-darwin13.4.0'
build_alias=''
build_cpu='x86_64'
build_os='darwin13.4.0'
build_vendor='apple'
datadir='${datarootdir}'
datarootdir='${prefix}/share'
docdir='${datarootdir}/doc/${PACKAGE}'
dvidir='${docdir}'
exec_prefix='NONE'
gui_libbuild_dir=''
host='x86_64-apple-darwin13.4.0'
host_alias=''
host_cpu='x86_64'
host_os='darwin13.4.0'
host_vendor='apple'
htmldir='${docdir}'
includedir='${prefix}/include'
infodir='${datarootdir}/info'
libbuild_dir=''
libdir='${exec_prefix}/lib'
libexecdir='${exec_prefix}/libexec'
localedir='${datarootdir}/locale'
localstatedir='${prefix}/var'
logfilesbuild_dir=''
mandir='${datarootdir}/man'
oldincludedir='/usr/include'
pdfdir='${docdir}'
prefix='/usr/local'
program_transform_name='s,x,x,'
psdir='${docdir}'
sbinbuild_dir=''
sbindir='${exec_prefix}/sbin'
sharebuild_dir=''
sharedstatedir='${prefix}/com'
sysconfdir='${prefix}/etc'
target='x86_64-apple-darwin13.4.0'
target_alias=''
target_cpu='x86_64'
target_os='darwin13.4.0'
target_vendor='apple'
top_srcdir_abs='/Users/gropp/tmp/mpe2-git/src/slog2sdk/trace_sample'

## ----------- ##
## confdefs.h. ##
## ----------- ##

/* confdefs.h */
#define PACKAGE_NAME ""
#define PACKAGE_TARNAME ""
#define PACKAGE_VERSION ""
#define PACKAGE_STRING ""
#define PACKAGE_BUGREPORT ""
#define PACKAGE_URL ""
#define STDC_HEADERS 1
#define HAVE_SYS_TYPES_H 1
#define HAVE_SYS_STAT_H 1
#define HAVE_STDLIB_H 1
#define HAVE_STRING_H 1
#define HAVE_MEMORY_H 1
#define HAVE_STRINGS_H 1
#define HAVE_INTTYPES_H 1
#define HAVE_STDINT_H 1
#define HAVE_UNISTD_H 1
#define HAVE_STDLIB_H 1
#define HAVE_STDIO_H 1
#define HAVE_STRING_H 1
#define SIZEOF_VOID_P 8
#define SIZEOF_INT 4
#define SIZEOF_LONG 8
#define SIZEOF_LONG_LONG 8
#define SIZEOF___INT64 0
#define HAVE_DLFCN_H 1
#define LT_OBJDIR ".libs/"
#define HAVE_STRSTR 1

configure: exit 0
